<?xml version="1.0" encoding="UTF-8"?>
<testsuite xmlns:xsi="http://www.w3.org/2001/XMLSchema-instance" xsi:noNamespaceSchemaLocation="https://maven.apache.org/surefire/maven-surefire-plugin/xsd/surefire-test-report.xsd" version="3.0.2" name="com.example.reportmanager.ReportManagerApplicationTests" time="0.62" tests="1" errors="0" skipped="0" failures="0">
  <properties>
[...]
</properties>
  <testcase name="contextLoads" classname="com.example.reportmanager.ReportManagerApplicationTests" time="0.306">
    <system-out><![CDATA[09:21:55.781 [main] INFO org.springframework.test.context.support.AnnotationConfigContextLoaderUtils -- Could not detect default configuration classes for test class [com.example.reportmanager.ReportManagerApplicationTests]: ReportManagerApplicationTests does not declare any static, non-private, non-final, nested classes annotated with @Configuration.
09:21:55.813 [main] INFO org.springframework.boot.test.context.SpringBootTestContextBootstrapper -- Found @SpringBootConfiguration com.example.reportmanager.ReportManagerApplication for test class com.example.reportmanager.ReportManagerApplicationTests

  .   ____          _            __ _ _
 /\\ / ___'_ __ _ _(_)_ __  __ _ \ \ \ \
( ( )\___ | '_ | '_| | '_ \/ _` | \ \ \ \
 \\/  ___)| |_)| | | | | || (_| |  ) ) ) )
  '  |____| .__|_| |_|_| |_\__, | / / / /
 =========|_|==============|___/=/_/_/_/

 :: Spring Boot ::                (v3.5.0)

2026-04-21T09:21:55.927+02:00  INFO 26612 --- [           main] c.e.r.ReportManagerApplicationTests      : Starting ReportManagerApplicationTests using Java 21.0.7 with PID 26612 (started by kirill in /Users/kirill/Work/report-manager)
2026-04-21T09:21:55.928+02:00  INFO 26612 --- [           main] c.e.r.ReportManagerApplicationTests      : No active profile set, falling back to 1 default profile: "default"
2026-04-21T09:21:56.047+02:00  INFO 26612 --- [           main] c.e.r.ReportManagerApplicationTests      : Started ReportManagerApplicationTests in 0.197 seconds (process running for 0.473)
]]></system-out>
    <system-err><![CDATA[Mockito is currently self-attaching to enable the inline-mock-maker. This will no longer work in future releases of the JDK. Please add Mockito as an agent to your build as described in Mockito's documentation: https://javadoc.io/doc/org.mockito/mockito-core/latest/org.mockito/org/mockito/Mockito.html#0.3
WARNING: A Java agent has been loaded dynamically (/Users/kirill/.m2/repository/net/bytebuddy/byte-buddy-agent/1.17.5/byte-buddy-agent-1.17.5.jar)
WARNING: If a serviceability tool is in use, please run with -XX:+EnableDynamicAgentLoading to hide this warning
WARNING: If a serviceability tool is not in use, please run with -Djdk.instrument.traceUsage for more information
WARNING: Dynamic loading of agents will be disallowed by default in a future release
]]></system-err>
  </testcase>
</testsuite>